<?xml version="1.0" encoding="UTF-8"?>
<!-- Generated by org.testng.reporters.JUnitReportReporter -->
<testsuite hostname="Smile" failures="0" tests="1" name="tek.api.sqa.tests.AddAddress1" time="3.091" errors="0" timestamp="2023-05-27T21:19:18 EDT" skipped="0">
  <testcase classname="tek.api.sqa.tests.AddAddress1" name="addAddressToAccount1" time="3.091"/>
  <system-out/>
</testsuite> <!-- tek.api.sqa.tests.AddAddress1 -->
