<?xml version="1.0" encoding="UTF-8"?>
<!-- Generated by org.testng.reporters.JUnitReportReporter -->
<testsuite hostname="Smile" failures="0" tests="1" name="tek.api.sqa.tests.AddPhoneTest1" time="2.672" errors="0" timestamp="2023-05-26T23:46:00 EDT" skipped="0">
  <testcase classname="tek.api.sqa.tests.AddPhoneTest1" name="addPhoneTest1" time="2.672"/>
  <system-out/>
</testsuite> <!-- tek.api.sqa.tests.AddPhoneTest1 -->
