<?xml version="1.0" encoding="UTF-8"?>
<!-- Generated by org.testng.reporters.JUnitReportReporter -->
<testsuite hostname="Smile" failures="0" tests="2" name="tek.api.sqa.tests.HomeWork" time="4.552" errors="0" timestamp="2023-07-09T23:00:50 EDT" skipped="0">
  <testcase classname="tek.api.sqa.tests.HomeWork" name="createAccountHomeWorkTest" time="2.591"/>
  <system-out/>
  <testcase classname="tek.api.sqa.tests.HomeWork" name="getAccountWithDBQueryHomeWork" time="1.961"/>
  <system-out/>
</testsuite> <!-- tek.api.sqa.tests.HomeWork -->
