<?xml version="1.0" encoding="UTF-8"?>
<!-- Generated by org.testng.reporters.JUnitReportReporter -->
<testsuite hostname="Smile" failures="0" tests="1" name="tek.api.sqa.tests.AddPhone" time="4.828" errors="0" timestamp="2023-07-10T00:00:33 EDT" skipped="0">
  <testcase classname="tek.api.sqa.tests.AddPhone" name="addPhone" time="4.828"/>
  <system-out/>
</testsuite> <!-- tek.api.sqa.tests.AddPhone -->
