<?xml version="1.0" encoding="UTF-8"?>
<!-- Generated by org.testng.reporters.JUnitReportReporter -->
<testsuite hostname="Smile" failures="0" tests="1" name="tek.api.sqa.tests.GetAllAccountTest" time="4.603" errors="0" timestamp="2023-05-25T00:45:24 EDT" skipped="0">
  <testcase classname="tek.api.sqa.tests.GetAllAccountTest" name="getAllAccountTest" time="4.603"/>
  <system-out/>
</testsuite> <!-- tek.api.sqa.tests.GetAllAccountTest -->
