<?xml version="1.0" encoding="UTF-8"?>
<!-- Generated by org.testng.reporters.JUnitReportReporter -->
<testsuite hostname="Smile" failures="0" tests="1" name="tek.api.sqa.tests.UpdateAddressAccount" time="2.912" errors="0" timestamp="2023-05-27T22:29:31 EDT" skipped="0">
  <testcase classname="tek.api.sqa.tests.UpdateAddressAccount" name="updateAddressAccount" time="2.912"/>
  <system-out/>
</testsuite> <!-- tek.api.sqa.tests.UpdateAddressAccount -->
