<?xml version="1.0" encoding="UTF-8"?>
<!-- Generated by org.testng.reporters.JUnitReportReporter -->
<testsuite hostname="Smile" failures="0" tests="1" name="tek.api.sqa.tests.CreateAccountWithCarTest" time="4.528" errors="0" timestamp="2023-07-09T23:25:38 EDT" skipped="0">
  <testcase classname="tek.api.sqa.tests.CreateAccountWithCarTest" name="createAccountAddCarTest" time="4.528"/>
  <system-out/>
</testsuite> <!-- tek.api.sqa.tests.CreateAccountWithCarTest -->
