<?xml version="1.0" encoding="UTF-8"?>
<!-- Generated by org.testng.reporters.JUnitReportReporter -->
<testsuite hostname="Smile" failures="0" tests="1" name="tek.api.sqa.tests.AddPhoneTest" time="2.629" errors="0" timestamp="2023-05-26T21:35:37 EDT" skipped="0">
  <testcase classname="tek.api.sqa.tests.AddPhoneTest" name="addPhoneToAccount" time="2.629"/>
  <system-out/>
</testsuite> <!-- tek.api.sqa.tests.AddPhoneTest -->
