<?xml version="1.0" encoding="UTF-8"?>
<!-- Generated by org.testng.reporters.JUnitReportReporter -->
<testsuite hostname="Smile" failures="0" tests="1" name="tek.api.sqa.tests.CreateAccountWithCarTest" time="5.331" errors="0" timestamp="2023-06-04T23:07:09 EDT" skipped="0">
  <testcase classname="tek.api.sqa.tests.CreateAccountWithCarTest" name="createAccountAddCarTest" time="5.331"/>
  <system-out/>
</testsuite> <!-- tek.api.sqa.tests.CreateAccountWithCarTest -->
