<?xml version="1.0" encoding="UTF-8"?>
<!-- Generated by org.testng.reporters.JUnitReportReporter -->
<testsuite hostname="Smile" failures="0" tests="2" name="tek.api.sqa.tests.HomeWork" time="4.331" errors="0" timestamp="2023-06-01T17:54:31 EDT" skipped="0">
  <testcase classname="tek.api.sqa.tests.HomeWork" name="createAccountHomeWorkTest" time="2.216"/>
  <system-out/>
  <testcase classname="tek.api.sqa.tests.HomeWork" name="getAccountWithDBQueryHomeWork" time="2.115"/>
  <system-out/>
</testsuite> <!-- tek.api.sqa.tests.HomeWork -->
