<?xml version="1.0" encoding="UTF-8"?>
<!-- Generated by org.testng.reporters.JUnitReportReporter -->
<testsuite hostname="Smile" failures="0" tests="2" name="tek.api.sqa.tests.HomeWork2" time="4.427" errors="0" timestamp="2023-06-01T18:57:57 EDT" skipped="0">
  <testcase classname="tek.api.sqa.tests.HomeWork2" name="getAccountWithDBQueryHomeWork" time="2.158"/>
  <system-out/>
  <testcase classname="tek.api.sqa.tests.HomeWork2" name="createAccountHomeWorkTest" time="2.269"/>
  <system-out/>
</testsuite> <!-- tek.api.sqa.tests.HomeWork2 -->
