<?xml version="1.0" encoding="UTF-8"?>
<!-- Generated by org.testng.reporters.JUnitReportReporter -->
<testsuite hostname="Smile" failures="0" tests="1" name="tek.api.sqa.tests.TokenVerifyTest" time="1.591" errors="0" timestamp="2023-05-25T00:10:42 EDT" skipped="0">
  <testcase classname="tek.api.sqa.tests.TokenVerifyTest" name="verifyInvalidToken" time="1.591"/>
  <system-out/>
</testsuite> <!-- tek.api.sqa.tests.TokenVerifyTest -->
