<?xml version="1.0" encoding="UTF-8"?>
<!-- Generated by org.testng.reporters.JUnitReportReporter -->
<testsuite hostname="Smile" failures="0" tests="1" name="tek.api.sqa.tests.UpdatePhoneAccount" time="2.576" errors="0" timestamp="2023-05-27T22:32:50 EDT" skipped="0">
  <testcase classname="tek.api.sqa.tests.UpdatePhoneAccount" name="updatePhoneAccount" time="2.576"/>
  <system-out/>
</testsuite> <!-- tek.api.sqa.tests.UpdatePhoneAccount -->
