<?xml version="1.0" encoding="UTF-8"?>
<!-- Generated by org.testng.reporters.JUnitReportReporter -->
<testsuite hostname="Smile" failures="0" tests="2" name="tek.api.sqa.tests.HomeWork2" time="5.046" errors="0" timestamp="2023-07-09T23:00:35 EDT" skipped="0">
  <testcase classname="tek.api.sqa.tests.HomeWork2" name="getAccountWithDBQueryHomeWork" time="2.293"/>
  <system-out/>
  <testcase classname="tek.api.sqa.tests.HomeWork2" name="createAccountHomeWorkTest" time="2.753"/>
  <system-out/>
</testsuite> <!-- tek.api.sqa.tests.HomeWork2 -->
