<?xml version="1.0" encoding="UTF-8"?>
<!-- Generated by org.testng.reporters.JUnitReportReporter -->
<testsuite hostname="Smile" failures="0" tests="1" name="tek.api.sqa.tests.CreateAccountTest" time="2.677" errors="0" timestamp="2023-06-01T15:15:09 EDT" skipped="0">
  <testcase classname="tek.api.sqa.tests.CreateAccountTest" name="createAccountValidTest" time="2.677"/>
  <system-out/>
</testsuite> <!-- tek.api.sqa.tests.CreateAccountTest -->
