<?xml version="1.0" encoding="UTF-8"?>
<!-- Generated by org.testng.reporters.JUnitReportReporter -->
<testsuite hostname="Smile" failures="0" tests="1" name="tek.api.sqa.tests.CreateAccountWithDBVerification" time="3.027" errors="0" timestamp="2023-06-03T16:42:48 EDT" skipped="0">
  <testcase classname="tek.api.sqa.tests.CreateAccountWithDBVerification" name="createAccountTestDB" time="3.027"/>
  <system-out/>
</testsuite> <!-- tek.api.sqa.tests.CreateAccountWithDBVerification -->
