<?xml version="1.0" encoding="UTF-8"?>
<!-- Generated by org.testng.reporters.JUnitReportReporter -->
<testsuite hostname="Smile" failures="0" tests="1" name="tek.api.sqa.tests.E2EAccountCreateTest" time="3.715" errors="0" timestamp="2023-06-04T17:33:06 EDT" skipped="0">
  <testcase classname="tek.api.sqa.tests.E2EAccountCreateTest" name="e2EAccountCreate" time="3.715"/>
  <system-out/>
</testsuite> <!-- tek.api.sqa.tests.E2EAccountCreateTest -->
