<?xml version="1.0" encoding="UTF-8"?>
<!-- Generated by org.testng.reporters.JUnitReportReporter -->
<testsuite hostname="Smile" failures="0" tests="4" name="tek.api.sqa.tests.SecurityTest" time="3.612" errors="0" timestamp="2023-05-24T23:30:32 EDT" skipped="0">
  <testcase classname="tek.api.sqa.tests.SecurityTest" name="testGenerateTokenInvalidUsername" time="1.785"/>
  <system-out/>
  <testcase classname="tek.api.sqa.tests.SecurityTest" name="testGenerateTokenInvalidUsername" time="0.502"/>
  <system-out/>
  <testcase classname="tek.api.sqa.tests.SecurityTest" name="testGenerateTokenValidUser" time="0.556"/>
  <system-out/>
  <testcase classname="tek.api.sqa.tests.SecurityTest" name="testGenerateTokenValidUser1" time="0.769"/>
  <system-out/>
</testsuite> <!-- tek.api.sqa.tests.SecurityTest -->
