<?xml version="1.0" encoding="UTF-8"?>
<!-- Generated by org.testng.reporters.JUnitReportReporter -->
<testsuite hostname="Smile" failures="0" tests="1" name="tek.api.sqa.tests.GetAccounTest" time="2.475" errors="0" timestamp="2023-05-25T01:27:21 EDT" skipped="0">
  <testcase classname="tek.api.sqa.tests.GetAccounTest" name="getAccountWithExistingId" time="2.475"/>
  <system-out/>
</testsuite> <!-- tek.api.sqa.tests.GetAccounTest -->
