<?xml version="1.0" encoding="UTF-8"?>
<!-- Generated by org.testng.reporters.JUnitReportReporter -->
<testsuite hostname="Smile" failures="0" tests="1" name="tek.api.sqa.tests.CreateAccountAddAddress" time="4.682" errors="0" timestamp="2023-07-10T03:43:19 EDT" skipped="0">
  <testcase classname="tek.api.sqa.tests.CreateAccountAddAddress" name="addAddressAccount" time="4.682"/>
  <system-out/>
</testsuite> <!-- tek.api.sqa.tests.CreateAccountAddAddress -->
