<?xml version="1.0" encoding="UTF-8"?>
<!-- Generated by org.testng.reporters.JUnitReportReporter -->
<testsuite hostname="Smile" failures="0" tests="1" name="tek.api.sqa.tests.CreateAccountAddPhone" time="4.635" errors="0" timestamp="2023-07-10T02:44:39 EDT" skipped="0">
  <testcase classname="tek.api.sqa.tests.CreateAccountAddPhone" name="addPhone" time="4.635"/>
  <system-out/>
</testsuite> <!-- tek.api.sqa.tests.CreateAccountAddPhone -->
