<?xml version="1.0" encoding="UTF-8"?>
<!-- Generated by org.testng.reporters.JUnitReportReporter -->
<testsuite hostname="Smile" failures="0" tests="1" name="tek.api.sqa.tests.AddAddressTest" time="2.799" errors="0" timestamp="2023-05-27T00:18:07 EDT" skipped="0">
  <testcase classname="tek.api.sqa.tests.AddAddressTest" name="addAddressToAccount" time="2.799"/>
  <system-out/>
</testsuite> <!-- tek.api.sqa.tests.AddAddressTest -->
