<?xml version="1.0" encoding="UTF-8"?>
<!-- Generated by org.testng.reporters.JUnitReportReporter -->
<testsuite hostname="Smile" failures="0" tests="1" name="tek.api.sqa.tests.GetAccountWithDB" time="3.588" errors="0" timestamp="2023-06-01T17:32:18 EDT" skipped="0">
  <testcase classname="tek.api.sqa.tests.GetAccountWithDB" name="getAccountWithDBQuery" time="3.588"/>
  <system-out/>
</testsuite> <!-- tek.api.sqa.tests.GetAccountWithDB -->
