<?xml version="1.0" encoding="UTF-8"?>
<!-- Generated by org.testng.reporters.JUnitReportReporter -->
<testsuite hostname="Smile" failures="0" tests="1" name="tek.api.sqa.tests.HomeWork2" time="2.660" errors="0" timestamp="2023-06-03T16:52:59 EDT" skipped="0">
  <testcase classname="tek.api.sqa.tests.HomeWork2" name="createAccountHomeWorkTest" time="2.660"/>
  <system-out/>
</testsuite> <!-- tek.api.sqa.tests.HomeWork2 -->
